15:22:11.758534 - servoControl started
15:22:11.758534 - load servo data
15:22:11.758828 - loading servo types
15:22:11.758828 - loading servo definitions
15:22:11.759824 - servoDefinitionsLoaded
15:22:11.760846 - load last known servo positions
15:22:11.760846 - servoPositions loaded
15:22:11.969819 - serial connection with arduino 0 set
15:22:11.971657 - arduinoReceive, readMessages started for arduino: 0
15:22:11.971657 - started thread for reading serial messages arduino 0 (left) started
15:22:13.384517 - <-I0 inmoovArduino v1.2
15:22:13.972331 - request ready message from arduino 0
15:22:13.972968 - ... wait for response from arduino 0, left
15:22:14.378101 - arduino status update sent to client
15:22:14.473630 - send servo definitions to arduino and move to rest position
15:22:14.473630 - servo assign leftArm.rotate
15:22:14.473630 - setup servo: leftArm.rotate      , servoId:  7, pin: 10, minPos:   0, maxPos:180, restDeg:   0, autoDetach: 1000, inverted: 0, lastPos:  90, powerPin: 40
15:22:14.473630 - servo assign leftArm.shoulder
15:22:14.473630 - setup servo: leftArm.shoulder    , servoId:  8, pin:  8, minPos:   0, maxPos:180, restDeg:   0, autoDetach: 2000, inverted: 0, lastPos:  90, powerPin: 40
15:22:14.473630 - servo assign leftArm.bicep
15:22:14.473630 - setup servo: leftArm.bicep       , servoId:  6, pin: 11, minPos:  26, maxPos: 70, restDeg:   0, autoDetach: 1000, inverted: 0, lastPos:  26, powerPin: 42
15:22:14.473630 - servo assign leftArm.omoplate
15:22:14.473630 - setup servo: leftArm.omoplate    , servoId:  9, pin:  8, minPos:  40, maxPos:170, restDeg:   0, autoDetach: 2000, inverted: 0, lastPos:  40, powerPin: 40
15:22:14.474627 - servo assign leftHand.thumb
15:22:14.474627 - setup servo: leftHand.thumb      , servoId:  0, pin:  7, minPos:   0, maxPos:180, restDeg:  45, autoDetach: 1000, inverted: 0, lastPos:  90, powerPin: 42
15:22:14.474627 - servo assign leftHand.index
15:22:14.474627 - setup servo: leftHand.index      , servoId:  1, pin:  6, minPos:   0, maxPos:180, restDeg:  55, autoDetach: 1000, inverted: 0, lastPos: 110, powerPin: 42
15:22:14.474627 - servo assign leftHand.majeure
15:22:14.474627 - setup servo: leftHand.majeure    , servoId:  2, pin:  5, minPos:   0, maxPos:150, restDeg:  45, autoDetach: 1000, inverted: 0, lastPos:  75, powerPin: 42
15:22:14.474627 - servo assign leftHand.ringFinger
15:22:14.474627 - setup servo: leftHand.ringFinger , servoId:  3, pin:  4, minPos:   0, maxPos:180, restDeg:  45, autoDetach: 1000, inverted: 0, lastPos:  90, powerPin: 42
15:22:14.474627 - servo assign leftHand.pinky
15:22:14.475624 - setup servo: leftHand.pinky      , servoId:  4, pin:  3, minPos:  15, maxPos:150, restDeg:  45, autoDetach: 1000, inverted: 0, lastPos:  68, powerPin: 42
15:22:14.475624 - servo assign leftHand.wrist
15:22:14.475624 - setup servo: leftHand.wrist      , servoId:  5, pin:  2, minPos:   0, maxPos:180, restDeg:   0, autoDetach: 1000, inverted: 0, lastPos:  90, powerPin: 42
15:22:14.475624 - servo assign head.eyeX
15:22:14.475624 - setup servo: head.eyeX           , servoId: 10, pin: 22, minPos:   0, maxPos:180, restDeg:   0, autoDetach: 1000, inverted: 0, lastPos:  90, powerPin: 41
15:22:14.475624 - servo assign head.eyeY
15:22:14.475624 - setup servo: head.eyeY           , servoId: 11, pin: 24, minPos:   0, maxPos:180, restDeg:   0, autoDetach: 1000, inverted: 0, lastPos:  90, powerPin: 41
15:22:14.475624 - servo assign head.rothead
15:22:14.475624 - setup servo: head.rothead        , servoId: 13, pin: 28, minPos:  40, maxPos:156, restDeg:   0, autoDetach: 2000, inverted: 1, lastPos:  98, powerPin: 41
15:22:14.475624 - servo assign head.neck
15:22:14.476621 - setup servo: head.neck           , servoId: 14, pin: 12, minPos:   0, maxPos:180, restDeg:   0, autoDetach: 3000, inverted: 0, lastPos: 125, powerPin: 41
15:22:14.476621 - servo assign done
15:22:14.476621 - --
15:22:14.476621 - move enabled servos to rest position
15:22:14.476621 - servo: leftArm.rotate, restDeg: 0, pos: 90
15:22:14.476621 - arduino send leftArm.rotate, arduino 0, position: 90, duration: 1500, simulated: False
15:22:14.485932 - leftArm.rotate update, position: 90
15:22:14.487625 - move stopped, servo: leftArm.rotate, position: 90, degrees: 0
15:22:14.489621 - move stopped, servo: leftArm.shoulder, position: 90, degrees: 0
15:22:14.492794 - move stopped, servo: leftArm.bicep, position: 26, degrees: 0
15:22:14.494624 - move stopped, servo: leftArm.omoplate, position: 40, degrees: 0
15:22:14.496601 - move stopped, servo: leftHand.thumb, position: 90, degrees: 45
15:22:14.498602 - move stopped, servo: leftHand.index, position: 110, degrees: 55
15:22:14.500590 - move stopped, servo: leftHand.majeure, position: 75, degrees: 45
15:22:14.502586 - move stopped, servo: leftHand.ringFinger, position: 90, degrees: 45
15:22:14.504581 - move stopped, servo: leftHand.pinky, position: 68, degrees: 45
15:22:14.507572 - move stopped, servo: leftHand.wrist, position: 90, degrees: 0
15:22:14.509578 - move stopped, servo: head.eyeX, position: 90, degrees: 0
15:22:14.511561 - move stopped, servo: head.eyeY, position: 90, degrees: 0
15:22:14.513556 - move stopped, servo: head.rothead, position: 98, degrees: 0
15:22:14.515553 - move stopped, servo: head.neck, position: 125, degrees: 0
15:22:14.517548 - <-I0 servoMoveTo, servoId: 7, pos: 90, dur: 1500, sim: 0
15:22:14.529481 - <-I0 m30 powerUp servo group, powerPin 40, powerPinIndex: 0, on: 0
15:22:14.576680 - servo: leftArm.shoulder, restDeg: 0, pos: 90
15:22:14.576680 - arduino send leftArm.shoulder, arduino 0, position: 90, duration: 1500, simulated: False
15:22:14.586979 - <-I0 servoMoveTo, servoId: 8, pos: 90, dur: 1500, sim: 0
15:22:14.673096 - leftArm.rotate update, position: 90
15:22:14.677086 - servo: leftArm.bicep, restDeg: 0, pos: 26
15:22:14.677086 - arduino send leftArm.bicep, arduino 0, position: 26, duration: 1500, simulated: False
15:22:14.686093 - <-I0 servoMoveTo, servoId: 6, pos: 26, dur: 1500, sim: 0
15:22:14.698031 - <-I0 m30 powerUp servo group, powerPin 42, powerPinIndex: 2, on: 0
15:22:14.777962 - servo: leftArm.omoplate, restDeg: 0, pos: 40
15:22:14.777962 - arduino send leftArm.omoplate, arduino 0, position: 40, duration: 1500, simulated: False
15:22:14.787790 - <-I0 servoMoveTo, servoId: 9, pos: 40, dur: 1500, sim: 0
15:22:14.878550 - servo: leftHand.thumb, restDeg: 45, pos: 90
15:22:14.878550 - arduino send leftHand.thumb, arduino 0, position: 90, duration: 1500, simulated: False
15:22:14.889518 - <-I0 servoMoveTo, servoId: 0, pos: 90, dur: 1500, sim: 0
15:22:14.979282 - servo: leftHand.index, restDeg: 55, pos: 110
15:22:14.979282 - arduino send leftHand.index, arduino 0, position: 110, duration: 1500, simulated: False
15:22:14.988255 - <-I0 servoMoveTo, servoId: 1, pos: 110, dur: 1500, sim: 0
15:22:15.080132 - servo: leftHand.majeure, restDeg: 45, pos: 75
15:22:15.080132 - arduino send leftHand.majeure, arduino 0, position: 75, duration: 1500, simulated: False
15:22:15.095769 - <-I0 servoMoveTo, servoId: 2, pos: 75, dur: 1500, sim: 0
15:22:15.180542 - servo: leftHand.ringFinger, restDeg: 45, pos: 90
15:22:15.180542 - arduino send leftHand.ringFinger, arduino 0, position: 90, duration: 1500, simulated: False
15:22:15.194537 - <-I0 servoMoveTo, servoId: 3, pos: 90, dur: 1500, sim: 0
15:22:15.280577 - servo: leftHand.pinky, restDeg: 45, pos: 68
15:22:15.280577 - arduino send leftHand.pinky, arduino 0, position: 68, duration: 1500, simulated: False
15:22:15.291451 - <-I0 servoMoveTo, servoId: 4, pos: 68, dur: 1500, sim: 0
15:22:15.380662 - servo: leftHand.wrist, restDeg: 0, pos: 90
15:22:15.380662 - arduino send leftHand.wrist, arduino 0, position: 90, duration: 1500, simulated: False
15:22:15.390637 - <-I0 servoMoveTo, servoId: 5, pos: 90, dur: 1500, sim: 0
15:22:15.481773 - servo: head.eyeX, restDeg: 0, pos: 90
15:22:15.481773 - arduino send head.eyeX, arduino 0, position: 90, duration: 1500, simulated: False
15:22:15.498456 - <-I0 servoMoveTo, servoId: 10, pos: 90, dur: 1500, sim: 0
15:22:15.510353 - <-I0 m30 powerUp servo group, powerPin 41, powerPinIndex: 1, on: 0
15:22:15.581939 - servo: head.eyeY, restDeg: 0, pos: 90
15:22:15.581939 - arduino send head.eyeY, arduino 0, position: 90, duration: 1500, simulated: False
15:22:15.596613 - <-I0 servoMoveTo, servoId: 11, pos: 90, dur: 1500, sim: 0
15:22:15.682343 - servo: head.rothead, restDeg: 0, pos: 98
15:22:15.682343 - arduino send head.rothead, arduino 0, position: 98, duration: 1500, simulated: False
15:22:15.693310 - <-I0 servoMoveTo, servoId: 13, pos: 98, dur: 1500, sim: 0
15:22:15.783099 - servo: head.neck, restDeg: 0, pos: 125
15:22:15.783099 - arduino send head.neck, arduino 0, position: 125, duration: 1500, simulated: False
15:22:15.792072 - <-I0 servoMoveTo, servoId: 14, pos: 125, dur: 1500, sim: 0
15:22:16.181996 - leftArm.rotate update, position: 90
15:22:16.181996 - move stopped, servo: leftArm.rotate, position: 90, degrees: 0
15:22:16.203253 - move stopped, servo: leftArm.shoulder, position: 90, degrees: 0
15:22:16.299057 - move stopped, servo: leftArm.bicep, position: 26, degrees: 0
15:22:16.364504 - move stopped, servo: leftArm.omoplate, position: 40, degrees: 0
15:22:16.462213 - move stopped, servo: leftHand.thumb, position: 90, degrees: 45
15:22:16.558597 - move stopped, servo: leftHand.index, position: 110, degrees: 55
15:22:16.664878 - move stopped, servo: leftHand.majeure, position: 75, degrees: 45
15:22:16.761698 - move stopped, servo: leftHand.ringFinger, position: 90, degrees: 45
15:22:16.858730 - move stopped, servo: leftHand.pinky, position: 68, degrees: 45
15:22:16.954923 - move stopped, servo: leftHand.wrist, position: 90, degrees: 0
15:22:17.061531 - move stopped, servo: head.eyeX, position: 90, degrees: 0
15:22:17.094544 - move stopped, servo: head.eyeY, position: 90, degrees: 0
15:22:17.192283 - leftArm.rotate update, position: 90
15:22:17.203592 - move stopped, servo: head.rothead, position: 98, degrees: 0
15:22:17.299994 - move stopped, servo: head.neck, position: 125, degrees: 0
15:22:17.484173 - servo move to rest pos done
15:22:17.982573 - <-I0 m35, servo group powered off, powerPin: 42
15:22:18.370220 - <-I0 m35, servo group powered off, powerPin: 40
15:22:18.695351 - serial connection with arduino 1 set
15:22:18.696349 - arduinoReceive, readMessages started for arduino: 1
15:22:18.696349 - started thread for reading serial messages arduino 1 (right) started
15:22:19.333451 - <-I1 inmoovArduino v1.2
15:22:20.320362 - <-I0 m35, servo group powered off, powerPin: 41
15:22:20.697026 - request ready message from arduino 1
15:22:20.697026 - ... wait for response from arduino 1, right
15:22:20.709660 - arduino status update sent to client
15:22:21.197923 - send servo definitions to arduino and move to rest position
15:22:21.197923 - servo assign rightArm.bicep
15:22:21.197923 - setup servo: rightArm.bicep      , servoId:  6, pin: 24, minPos:  26, maxPos: 70, restDeg:  10, autoDetach: 1000, inverted: 0, lastPos:  32, powerPin: 46
15:22:21.197923 - servo assign rightArm.rotate
15:22:21.197923 - setup servo: rightArm.rotate     , servoId:  7, pin:  9, minPos:   0, maxPos:180, restDeg:   0, autoDetach: 1000, inverted: 0, lastPos:  90, powerPin: 44
15:22:21.197923 - servo assign rightArm.shoulder
15:22:21.197923 - setup servo: rightArm.shoulder   , servoId:  8, pin: 10, minPos:   0, maxPos:180, restDeg:   0, autoDetach: 2000, inverted: 0, lastPos:  90, powerPin: 44
15:22:21.198916 - servo assign rightArm.omoplate
15:22:21.198916 - setup servo: rightArm.omoplate   , servoId:  9, pin: 22, minPos:  10, maxPos: 70, restDeg:   0, autoDetach: 5000, inverted: 0, lastPos:  10, powerPin: 44
15:22:21.198916 - servo assign rightHand.thumb
15:22:21.198916 - setup servo: rightHand.thumb     , servoId:  0, pin:  2, minPos:   0, maxPos:180, restDeg:  45, autoDetach: 1000, inverted: 1, lastPos:  90, powerPin: 46
15:22:21.198916 - servo assign rightHand.index
15:22:21.198916 - setup servo: rightHand.index     , servoId:  1, pin:  3, minPos:  50, maxPos:180, restDeg:  45, autoDetach: 1000, inverted: 1, lastPos:  65, powerPin: 46
15:22:21.198916 - servo assign rightHand.majeure
15:22:21.198916 - setup servo: rightHand.majeure   , servoId:  2, pin:  4, minPos:   0, maxPos:180, restDeg:  45, autoDetach: 1000, inverted: 1, lastPos:  90, powerPin: 46
15:22:21.198916 - servo assign rightHand.ringFinger
15:22:21.198916 - setup servo: rightHand.ringFinger, servoId:  3, pin:  5, minPos:   0, maxPos:120, restDeg:  45, autoDetach: 1000, inverted: 0, lastPos:  60, powerPin: 46
15:22:21.198916 - servo assign rightHand.pinky
15:22:21.199951 - setup servo: rightHand.pinky     , servoId:  4, pin:  6, minPos:  20, maxPos:140, restDeg:  45, autoDetach: 1000, inverted: 1, lastPos: 100, powerPin: 46
15:22:21.199951 - servo assign rightHand.wrist
15:22:21.199951 - setup servo: rightHand.wrist     , servoId:  5, pin:  7, minPos:   0, maxPos:180, restDeg:   0, autoDetach: 1000, inverted: 0, lastPos:  90, powerPin: 46
15:22:21.199951 - servo assign done
15:22:21.199951 - --
15:22:21.199951 - move enabled servos to rest position
15:22:21.199951 - servo: rightArm.bicep, restDeg: 10, pos: 32
15:22:21.199951 - arduino send rightArm.bicep, arduino 1, position: 32, duration: 1500, simulated: False
15:22:21.206926 - move stopped, servo: rightArm.bicep, position: 32, degrees: 10
15:22:21.208920 - move stopped, servo: rightArm.rotate, position: 90, degrees: 0
15:22:21.210921 - move stopped, servo: rightArm.shoulder, position: 90, degrees: 0
15:22:21.223880 - move stopped, servo: rightArm.omoplate, position: 10, degrees: 0
15:22:21.225844 - move stopped, servo: rightHand.thumb, position: 90, degrees: 45
15:22:21.228868 - move stopped, servo: rightHand.index, position: 65, degrees: 45
15:22:21.230863 - move stopped, servo: rightHand.majeure, position: 90, degrees: 45
15:22:21.232856 - move stopped, servo: rightHand.ringFinger, position: 60, degrees: 45
15:22:21.234851 - move stopped, servo: rightHand.pinky, position: 100, degrees: 45
15:22:21.236848 - move stopped, servo: rightHand.wrist, position: 90, degrees: 0
15:22:21.237843 - <-I1 servoMoveTo, servoId: 6, pos: 32, dur: 1500, sim: 0
15:22:21.249813 - <-I1 m30 powerUp servo group, powerPin 46, powerPinIndex: 6, on: 0
15:22:21.299965 - servo: rightArm.rotate, restDeg: 0, pos: 90
15:22:21.299965 - arduino send rightArm.rotate, arduino 1, position: 90, duration: 1500, simulated: False
15:22:21.314638 - <-I1 servoMoveTo, servoId: 7, pos: 90, dur: 1500, sim: 0
15:22:21.326608 - <-I1 m30 powerUp servo group, powerPin 44, powerPinIndex: 4, on: 0
15:22:21.400913 - servo: rightArm.shoulder, restDeg: 0, pos: 90
15:22:21.400913 - arduino send rightArm.shoulder, arduino 1, position: 90, duration: 1500, simulated: False
15:22:21.413765 - <-I1 servoMoveTo, servoId: 8, pos: 90, dur: 1500, sim: 0
15:22:21.501636 - servo: rightArm.omoplate, restDeg: 0, pos: 10
15:22:21.501636 - arduino send rightArm.omoplate, arduino 1, position: 10, duration: 1500, simulated: False
15:22:21.511575 - <-I1 servoMoveTo, servoId: 9, pos: 10, dur: 1500, sim: 0
15:22:21.602336 - servo: rightHand.thumb, restDeg: 45, pos: 90
15:22:21.602336 - arduino send rightHand.thumb, arduino 1, position: 90, duration: 1500, simulated: False
15:22:21.609314 - <-I1 servoMoveTo, servoId: 0, pos: 90, dur: 1500, sim: 0
15:22:21.703107 - servo: rightHand.index, restDeg: 45, pos: 65
15:22:21.703107 - arduino send rightHand.index, arduino 1, position: 65, duration: 1500, simulated: False
15:22:21.712082 - <-I1 servoMoveTo, servoId: 1, pos: 65, dur: 1500, sim: 0
15:22:21.803344 - servo: rightHand.majeure, restDeg: 45, pos: 90
15:22:21.803488 - arduino send rightHand.majeure, arduino 1, position: 90, duration: 1500, simulated: False
15:22:21.813235 - <-I1 servoMoveTo, servoId: 2, pos: 90, dur: 1500, sim: 0
15:22:21.903989 - servo: rightHand.ringFinger, restDeg: 45, pos: 60
15:22:21.903989 - arduino send rightHand.ringFinger, arduino 1, position: 60, duration: 1500, simulated: False
15:22:21.912965 - <-I1 servoMoveTo, servoId: 3, pos: 60, dur: 1500, sim: 0
15:22:22.004212 - servo: rightHand.pinky, restDeg: 45, pos: 100
15:22:22.004212 - arduino send rightHand.pinky, arduino 1, position: 100, duration: 1500, simulated: False
15:22:22.015213 - <-I1 servoMoveTo, servoId: 4, pos: 100, dur: 1500, sim: 0
15:22:22.104628 - servo: rightHand.wrist, restDeg: 0, pos: 90
15:22:22.104628 - arduino send rightHand.wrist, arduino 1, position: 90, duration: 1500, simulated: False
15:22:22.114010 - <-I1 servoMoveTo, servoId: 5, pos: 90, dur: 1500, sim: 0
15:22:22.844233 - move stopped, servo: rightArm.bicep, position: 32, degrees: 10
15:22:22.865862 - move stopped, servo: rightArm.rotate, position: 90, degrees: 0
15:22:22.929695 - move stopped, servo: rightArm.shoulder, position: 90, degrees: 0
15:22:23.026436 - move stopped, servo: rightArm.omoplate, position: 10, degrees: 0
15:22:23.133147 - move stopped, servo: rightHand.thumb, position: 90, degrees: 45
15:22:23.229889 - move stopped, servo: rightHand.index, position: 65, degrees: 45
15:22:23.325970 - move stopped, servo: rightHand.majeure, position: 90, degrees: 45
15:22:23.433371 - move stopped, servo: rightHand.ringFinger, position: 60, degrees: 45
15:22:23.531087 - move stopped, servo: rightHand.pinky, position: 100, degrees: 45
15:22:23.626984 - move stopped, servo: rightHand.wrist, position: 90, degrees: 0
15:22:23.805680 - servo move to rest pos done
15:22:24.649090 - <-I1 m35, servo group powered off, powerPin: 46
15:22:24.807187 - serverReady
15:22:24.807187 - publishing basic servo data message to clients
15:22:24.808172 - publishing ready=True message to clients
15:22:24.808172 - started thread for watching connections
15:22:24.808172 - start listening on port 20004
server started on [0.0.0.0]:20004
15:22:25.090676 - servoUpdate published, rightArm.shoulder, {"servoName": "rightArm.shoulder", "assigned": true, "moving": false, "attached": false, "autoDetach": true, "verbose": false, "position": 90, "degrees": 0}
15:22:28.048167 - servoUpdate published, rightArm.omoplate, {"servoName": "rightArm.omoplate", "assigned": true, "moving": false, "attached": false, "autoDetach": true, "verbose": false, "position": 10, "degrees": 0}
15:22:28.048861 - <-I1 m35, servo group powered off, powerPin: 44
